<?xml version="1.0" encoding="UTF-8"?>
<testng-results ignored="0" total="1" passed="1" failed="0" skipped="0">
  <reporter-output>
  </reporter-output>
  <suite started-at="2024-01-07T16:12:06 SAST" name="Default suite" finished-at="2024-01-07T16:12:26 SAST" duration-ms="20520">
    <groups>
      <group name="cucumber">
        <method signature="AbstractTestNGCucumberTests.runScenario(io.cucumber.testng.PickleWrapper,io.cucumber.testng.FeatureWrapper)[pri:0, instance:cucumberOptions.TestNGTestRunner@6fa51cd4]" name="runScenario" class="io.cucumber.testng.AbstractTestNGCucumberTests"/>
      </group> <!-- cucumber -->
    </groups>
    <test started-at="2024-01-07T16:12:06 SAST" name="Default test" finished-at="2024-01-07T16:12:26 SAST" duration-ms="20520">
      <class name="cucumberOptions.TestNGTestRunner">
        <test-method is-config="true" signature="setUpClass(org.testng.ITestContext)[pri:0, instance:cucumberOptions.TestNGTestRunner@6fa51cd4]" started-at="2024-01-07T16:12:06 SAST" name="setUpClass" finished-at="2024-01-07T16:12:06 SAST" duration-ms="161" status="PASS">
          <params>
            <param index="0">
              <value>
                <![CDATA[org.testng.TestRunner@75d982d3]]>
              </value>
            </param>
          </params>
          <reporter-output>
          </reporter-output>
        </test-method> <!-- setUpClass -->
        <test-method signature="runScenario(io.cucumber.testng.PickleWrapper,io.cucumber.testng.FeatureWrapper)[pri:0, instance:cucumberOptions.TestNGTestRunner@6fa51cd4]" started-at="2024-01-07T16:12:06 SAST" name="runScenario" description="Runs Cucumber Scenarios" data-provider="scenarios" finished-at="2024-01-07T16:12:26 SAST" duration-ms="20313" status="PASS">
          <params>
            <param index="0">
              <value>
                <![CDATA["Checkout the selected number of product"]]>
              </value>
            </param>
            <param index="1">
              <value>
                <![CDATA["Checkout Selected Product"]]>
              </value>
            </param>
          </params>
          <reporter-output>
          </reporter-output>
        </test-method> <!-- runScenario -->
        <test-method is-config="true" signature="tearDownClass()[pri:0, instance:cucumberOptions.TestNGTestRunner@6fa51cd4]" started-at="2024-01-07T16:12:26 SAST" name="tearDownClass" finished-at="2024-01-07T16:12:26 SAST" duration-ms="9" status="PASS">
          <reporter-output>
          </reporter-output>
        </test-method> <!-- tearDownClass -->
      </class> <!-- cucumberOptions.TestNGTestRunner -->
    </test> <!-- Default test -->
  </suite> <!-- Default suite -->
</testng-results>
